# JRE version: OpenJDK Runtime Environment Temurin-17.0.4+8 (17.0.4+8) (build 17.0.4+8)
# Java VM: OpenJDK 64-Bit Server VM Temurin-17.0.4+8 (17.0.4+8, mixed mode, emulated-client, tiered, compressed oops, compressed class ptrs, g1 gc, windows-amd64)
GC Precious Log:
 CPUs: 4 total, 4 available
 Memory: 3977M
 Large Page Support: Disabled
 NUMA Support: Disabled
 Compressed Oops: Enabled (32-bit)
 Heap Region Size: 1M
 Heap Min Capacity: 8M
 Heap Initial Capacity: 64M
 Heap Max Capacity: 996M
 Pre-touch: Disabled
 Parallel Workers: 4
 Concurrent Workers: 1
 Concurrent Refinement Workers: 4
 Periodic GC: Disabled
Heap:
 garbage-first heap   total 271360K, used 89600K [0x00000000c1c00000, 0x0000000100000000)
  region size 1024K, 12 young (12288K), 12 survivors (12288K)
 Metaspace       used 35114K, committed 35456K, reserved 1081344K
  class space    used 4568K, committed 4736K, reserved 1048576K
GC Heap History (20 events):
Event: 6.044 GC heap after
{Heap after GC invocations=15 (full 0):
 garbage-first heap   total 70656K, used 35509K [0x00000000c1c00000, 0x0000000100000000)
  region size 1024K, 3 young (3072K), 3 survivors (3072K)
 Metaspace       used 33414K, committed 33664K, reserved 1081344K
  class space    used 4251K, committed 4352K, reserved 1048576K
}
Event: 6.103 GC heap before
{Heap before GC invocations=15 (full 0):
 garbage-first heap   total 70656K, used 52917K [0x00000000c1c00000, 0x0000000100000000)
  region size 1024K, 20 young (20480K), 3 survivors (3072K)
 Metaspace       used 33506K, committed 33728K, reserved 1081344K
  class space    used 4266K, committed 4352K, reserved 1048576K
}
Event: 6.113 GC heap after
{Heap after GC invocations=16 (full 0):
 garbage-first heap   total 70656K, used 41546K [0x00000000c1c00000, 0x0000000100000000)
  region size 1024K, 3 young (3072K), 3 survivors (3072K)
 Metaspace       used 33506K, committed 33728K, reserved 1081344K
  class space    used 4266K, committed 4352K, reserved 1048576K
}
Event: 6.258 GC heap before
{Heap before GC invocations=17 (full 0):
 garbage-first heap   total 89088K, used 52810K [0x00000000c1c00000, 0x0000000100000000)
  region size 1024K, 14 young (14336K), 3 survivors (3072K)
 Metaspace       used 33739K, committed 33984K, reserved 1081344K
  class space    used 4305K, committed 4416K, reserved 1048576K
}
Event: 6.268 GC heap after
{Heap after GC invocations=18 (full 0):
 garbage-first heap   total 89088K, used 45196K [0x00000000c1c00000, 0x0000000100000000)
  region size 1024K, 2 young (2048K), 2 survivors (2048K)
 Metaspace       used 33739K, committed 33984K, reserved 1081344K
  class space    used 4305K, committed 4416K, reserved 1048576K
}
Event: 6.569 GC heap before
{Heap before GC invocations=18 (full 0):
 garbage-first heap   total 89088K, used 59532K [0x00000000c1c00000, 0x0000000100000000)
  region size 1024K, 18 young (18432K), 2 survivors (2048K)
 Metaspace       used 34914K, committed 35200K, reserved 1081344K
  class space    used 4543K, committed 4672K, reserved 1048576K
}
Event: 6.582 GC heap after
{Heap after GC invocations=19 (full 0):
 garbage-first heap   total 89088K, used 48257K [0x00000000c1c00000, 0x0000000100000000)
  region size 1024K, 3 young (3072K), 3 survivors (3072K)
 Metaspace       used 34914K, committed 35200K, reserved 1081344K
  class space    used 4543K, committed 4672K, reserved 1048576K
}
Event: 6.706 GC heap before
{Heap before GC invocations=19 (full 0):
 garbage-first heap   total 117760K, used 67713K [0x00000000c1c00000, 0x0000000100000000)
  region size 1024K, 21 young (21504K), 3 survivors (3072K)
 Metaspace       used 34921K, committed 35264K, reserved 1081344K
  class space    used 4546K, committed 4736K, reserved 1048576K
}
Event: 6.724 GC heap after
{Heap after GC invocations=20 (full 0):
 garbage-first heap   total 271360K, used 59555K [0x00000000c1c00000, 0x0000000100000000)
  region size 1024K, 3 young (3072K), 3 survivors (3072K)
 Metaspace       used 34921K, committed 35264K, reserved 1081344K
  class space    used 4546K, committed 4736K, reserved 1048576K
}
Event: 6.957 GC heap before
{Heap before GC invocations=21 (full 0):
 garbage-first heap   total 271360K, used 188579K [0x00000000c1c00000, 0x0000000100000000)
  region size 1024K, 130 young (133120K), 3 survivors (3072K)
 Metaspace       used 35113K, committed 35456K, reserved 1081344K
  class space    used 4568K, committed 4736K, reserved 1048576K
}
Event: 6.978 GC heap after
{Heap after GC invocations=22 (full 0):
 garbage-first heap   total 271360K, used 67006K [0x00000000c1c00000, 0x0000000100000000)
  region size 1024K, 11 young (11264K), 11 survivors (11264K)
 Metaspace       used 35113K, committed 35456K, reserved 1081344K
  class space    used 4568K, committed 4736K, reserved 1048576K
}
Event: 6.980 GC heap before
{Heap before GC invocations=22 (full 0):
 garbage-first heap   total 271360K, used 68030K [0x00000000c1c00000, 0x0000000100000000)
  region size 1024K, 13 young (13312K), 11 survivors (11264K)
 Metaspace       used 35113K, committed 35456K, reserved 1081344K
  class space    used 4568K, committed 4736K, reserved 1048576K
}
Event: 6.991 GC heap after
{Heap after GC invocations=23 (full 0):
 garbage-first heap   total 271360K, used 67842K [0x00000000c1c00000, 0x0000000100000000)
  region size 1024K, 1 young (1024K), 1 survivors (1024K)
 Metaspace       used 35113K, committed 35456K, reserved 1081344K
  class space    used 4568K, committed 4736K, reserved 1048576K
}
Event: 7.109 GC heap before
{Heap before GC invocations=23 (full 0):
 garbage-first heap   total 271360K, used 197890K [0x00000000c1c00000, 0x0000000100000000)
  region size 1024K, 129 young (132096K), 1 survivors (1024K)
 Metaspace       used 35113K, committed 35456K, reserved 1081344K
  class space    used 4568K, committed 4736K, reserved 1048576K
}
Event: 7.114 GC heap after
{Heap after GC invocations=24 (full 0):
 garbage-first heap   total 271360K, used 71938K [0x00000000c1c00000, 0x0000000100000000)
  region size 1024K, 5 young (5120K), 5 survivors (5120K)
 Metaspace       used 35113K, committed 35456K, reserved 1081344K
  class space    used 4568K, committed 4736K, reserved 1048576K
}
Event: 7.295 GC heap before
{Heap before GC invocations=24 (full 0):
 garbage-first heap   total 271360K, used 208130K [0x00000000c1c00000, 0x0000000100000000)
  region size 1024K, 139 young (142336K), 5 survivors (5120K)
 Metaspace       used 35113K, committed 35456K, reserved 1081344K
  class space    used 4568K, committed 4736K, reserved 1048576K
}
Event: 7.304 GC heap after
{Heap after GC invocations=25 (full 0):
 garbage-first heap   total 271360K, used 77878K [0x00000000c1c00000, 0x0000000100000000)
  region size 1024K, 11 young (11264K), 11 survivors (11264K)
 Metaspace       used 35113K, committed 35456K, reserved 1081344K
  class space    used 4568K, committed 4736K, reserved 1048576K
}
Event: 7.454 GC heap before
{Heap before GC invocations=25 (full 0):
 garbage-first heap   total 271360K, used 213046K [0x00000000c1c00000, 0x0000000100000000)
  region size 1024K, 144 young (147456K), 11 survivors (11264K)
 Metaspace       used 35114K, committed 35456K, reserved 1081344K
  class space    used 4568K, committed 4736K, reserved 1048576K
}
Event: 7.464 GC heap after
{Heap after GC invocations=26 (full 0):
 garbage-first heap   total 271360K, used 83381K [0x00000000c1c00000, 0x0000000100000000)
  region size 1024K, 12 young (12288K), 12 survivors (12288K)
 Metaspace       used 35114K, committed 35456K, reserved 1081344K
  class space    used 4568K, committed 4736K, reserved 1048576K
}
Event: 7.613 GC heap before
{Heap before GC invocations=26 (full 0):
 garbage-first heap   total 271360K, used 218549K [0x00000000c1c00000, 0x0000000100000000)
  region size 1024K, 145 young (148480K), 12 survivors (12288K)
 Metaspace       used 35114K, committed 35456K, reserved 1081344K
  class space    used 4568K, committed 4736K, reserved 1048576K
}

