# JRE version: OpenJDK Runtime Environment Temurin-17.0.4+8 (17.0.4+8) (build 17.0.4+8)
# Java VM: OpenJDK 64-Bit Server VM Temurin-17.0.4+8 (17.0.4+8, mixed mode, emulated-client, tiered, compressed oops, compressed class ptrs, g1 gc, windows-amd64)
GC Precious Log:
 CPUs: 4 total, 4 available
 Memory: 3977M
 Large Page Support: Disabled
 NUMA Support: Disabled
 Compressed Oops: Enabled (32-bit)
 Heap Region Size: 1M
 Heap Min Capacity: 8M
 Heap Initial Capacity: 64M
 Heap Max Capacity: 996M
 Pre-touch: Disabled
 Parallel Workers: 4
 Concurrent Workers: 1
 Concurrent Refinement Workers: 4
 Periodic GC: Disabled
Heap:
 garbage-first heap   total 89088K, used 25868K [0x00000000c1c00000, 0x0000000100000000)
  region size 1024K, 1 young (1024K), 0 survivors (0K)
 Metaspace       used 44669K, committed 45184K, reserved 1089536K
  class space    used 6051K, committed 6272K, reserved 1048576K
GC Heap History (20 events):
Event: 3625.000 GC heap before
{Heap before GC invocations=389 (full 343):
 garbage-first heap   total 89088K, used 25868K [0x00000000c1c00000, 0x0000000100000000)
  region size 1024K, 1 young (1024K), 0 survivors (0K)
 Metaspace       used 44669K, committed 45184K, reserved 1089536K
  class space    used 6051K, committed 6272K, reserved 1048576K
}
Event: 3625.062 GC heap after
{Heap after GC invocations=390 (full 344):
 garbage-first heap   total 89088K, used 25868K [0x00000000c1c00000, 0x0000000100000000)
  region size 1024K, 0 young (0K), 0 survivors (0K)
 Metaspace       used 44669K, committed 45184K, reserved 1089536K
  class space    used 6051K, committed 6272K, reserved 1048576K
}
Event: 3635.774 GC heap before
{Heap before GC invocations=390 (full 344):
 garbage-first heap   total 89088K, used 25868K [0x00000000c1c00000, 0x0000000100000000)
  region size 1024K, 1 young (1024K), 0 survivors (0K)
 Metaspace       used 44669K, committed 45184K, reserved 1089536K
  class space    used 6051K, committed 6272K, reserved 1048576K
}
Event: 3635.830 GC heap after
{Heap after GC invocations=391 (full 345):
 garbage-first heap   total 89088K, used 25868K [0x00000000c1c00000, 0x0000000100000000)
  region size 1024K, 0 young (0K), 0 survivors (0K)
 Metaspace       used 44669K, committed 45184K, reserved 1089536K
  class space    used 6051K, committed 6272K, reserved 1048576K
}
Event: 3646.375 GC heap before
{Heap before GC invocations=391 (full 345):
 garbage-first heap   total 89088K, used 25868K [0x00000000c1c00000, 0x0000000100000000)
  region size 1024K, 1 young (1024K), 0 survivors (0K)
 Metaspace       used 44669K, committed 45184K, reserved 1089536K
  class space    used 6051K, committed 6272K, reserved 1048576K
}
Event: 3646.437 GC heap after
{Heap after GC invocations=392 (full 346):
 garbage-first heap   total 89088K, used 25868K [0x00000000c1c00000, 0x0000000100000000)
  region size 1024K, 0 young (0K), 0 survivors (0K)
 Metaspace       used 44669K, committed 45184K, reserved 1089536K
  class space    used 6051K, committed 6272K, reserved 1048576K
}
Event: 3656.952 GC heap before
{Heap before GC invocations=392 (full 346):
 garbage-first heap   total 89088K, used 25868K [0x00000000c1c00000, 0x0000000100000000)
  region size 1024K, 1 young (1024K), 0 survivors (0K)
 Metaspace       used 44669K, committed 45184K, reserved 1089536K
  class space    used 6051K, committed 6272K, reserved 1048576K
}
Event: 3657.009 GC heap after
{Heap after GC invocations=393 (full 347):
 garbage-first heap   total 89088K, used 25868K [0x00000000c1c00000, 0x0000000100000000)
  region size 1024K, 0 young (0K), 0 survivors (0K)
 Metaspace       used 44669K, committed 45184K, reserved 1089536K
  class space    used 6051K, committed 6272K, reserved 1048576K
}
Event: 3668.157 GC heap before
{Heap before GC invocations=393 (full 347):
 garbage-first heap   total 89088K, used 25868K [0x00000000c1c00000, 0x0000000100000000)
  region size 1024K, 1 young (1024K), 0 survivors (0K)
 Metaspace       used 44669K, committed 45184K, reserved 1089536K
  class space    used 6051K, committed 6272K, reserved 1048576K
}
Event: 3668.251 GC heap after
{Heap after GC invocations=394 (full 348):
 garbage-first heap   total 89088K, used 25868K [0x00000000c1c00000, 0x0000000100000000)
  region size 1024K, 0 young (0K), 0 survivors (0K)
 Metaspace       used 44669K, committed 45184K, reserved 1089536K
  class space    used 6051K, committed 6272K, reserved 1048576K
}
Event: 3679.126 GC heap before
{Heap before GC invocations=394 (full 348):
 garbage-first heap   total 89088K, used 25868K [0x00000000c1c00000, 0x0000000100000000)
  region size 1024K, 1 young (1024K), 0 survivors (0K)
 Metaspace       used 44669K, committed 45184K, reserved 1089536K
  class space    used 6051K, committed 6272K, reserved 1048576K
}
Event: 3679.195 GC heap after
{Heap after GC invocations=395 (full 349):
 garbage-first heap   total 89088K, used 25868K [0x00000000c1c00000, 0x0000000100000000)
  region size 1024K, 0 young (0K), 0 survivors (0K)
 Metaspace       used 44669K, committed 45184K, reserved 1089536K
  class space    used 6051K, committed 6272K, reserved 1048576K
}
Event: 3689.918 GC heap before
{Heap before GC invocations=395 (full 349):
 garbage-first heap   total 89088K, used 25868K [0x00000000c1c00000, 0x0000000100000000)
  region size 1024K, 1 young (1024K), 0 survivors (0K)
 Metaspace       used 44669K, committed 45184K, reserved 1089536K
  class space    used 6051K, committed 6272K, reserved 1048576K
}
Event: 3689.971 GC heap after
{Heap after GC invocations=396 (full 350):
 garbage-first heap   total 89088K, used 25868K [0x00000000c1c00000, 0x0000000100000000)
  region size 1024K, 0 young (0K), 0 survivors (0K)
 Metaspace       used 44669K, committed 45184K, reserved 1089536K
  class space    used 6051K, committed 6272K, reserved 1048576K
}
Event: 3700.711 GC heap before
{Heap before GC invocations=396 (full 350):
 garbage-first heap   total 89088K, used 25868K [0x00000000c1c00000, 0x0000000100000000)
  region size 1024K, 1 young (1024K), 0 survivors (0K)
 Metaspace       used 44669K, committed 45184K, reserved 1089536K
  class space    used 6051K, committed 6272K, reserved 1048576K
}
Event: 3700.776 GC heap after
{Heap after GC invocations=397 (full 351):
 garbage-first heap   total 89088K, used 25868K [0x00000000c1c00000, 0x0000000100000000)
  region size 1024K, 0 young (0K), 0 survivors (0K)
 Metaspace       used 44669K, committed 45184K, reserved 1089536K
  class space    used 6051K, committed 6272K, reserved 1048576K
}
Event: 3711.369 GC heap before
{Heap before GC invocations=397 (full 351):
 garbage-first heap   total 89088K, used 25868K [0x00000000c1c00000, 0x0000000100000000)
  region size 1024K, 1 young (1024K), 0 survivors (0K)
 Metaspace       used 44669K, committed 45184K, reserved 1089536K
  class space    used 6051K, committed 6272K, reserved 1048576K
}
Event: 3711.421 GC heap after
{Heap after GC invocations=398 (full 352):
 garbage-first heap   total 89088K, used 25868K [0x00000000c1c00000, 0x0000000100000000)
  region size 1024K, 0 young (0K), 0 survivors (0K)
 Metaspace       used 44669K, committed 45184K, reserved 1089536K
  class space    used 6051K, committed 6272K, reserved 1048576K
}
Event: 3722.063 GC heap before
{Heap before GC invocations=398 (full 352):
 garbage-first heap   total 89088K, used 25868K [0x00000000c1c00000, 0x0000000100000000)
  region size 1024K, 1 young (1024K), 0 survivors (0K)
 Metaspace       used 44669K, committed 45184K, reserved 1089536K
  class space    used 6051K, committed 6272K, reserved 1048576K
}
Event: 3722.112 GC heap after
{Heap after GC invocations=399 (full 353):
 garbage-first heap   total 89088K, used 25868K [0x00000000c1c00000, 0x0000000100000000)
  region size 1024K, 0 young (0K), 0 survivors (0K)
 Metaspace       used 44669K, committed 45184K, reserved 1089536K
  class space    used 6051K, committed 6272K, reserved 1048576K
}

