# JRE version: OpenJDK Runtime Environment Temurin-17.0.4+8 (17.0.4+8) (build 17.0.4+8)
# Java VM: OpenJDK 64-Bit Server VM Temurin-17.0.4+8 (17.0.4+8, mixed mode, emulated-client, tiered, compressed oops, compressed class ptrs, g1 gc, windows-amd64)
GC Precious Log:
 CPUs: 4 total, 4 available
 Memory: 3977M
 Large Page Support: Disabled
 NUMA Support: Disabled
 Compressed Oops: Enabled (32-bit)
 Heap Region Size: 1M
 Heap Min Capacity: 8M
 Heap Initial Capacity: 64M
 Heap Max Capacity: 996M
 Pre-touch: Disabled
 Parallel Workers: 4
 Concurrent Workers: 1
 Concurrent Refinement Workers: 4
 Periodic GC: Disabled
Heap:
 garbage-first heap   total 45056K, used 19652K [0x00000000c1c00000, 0x0000000100000000)
  region size 1024K, 6 young (6144K), 2 survivors (2048K)
 Metaspace       used 31928K, committed 32192K, reserved 1081344K
  class space    used 4027K, committed 4160K, reserved 1048576K
GC Heap History (14 events):
Event: 1.299 GC heap before
{Heap before GC invocations=0 (full 0):
 garbage-first heap   total 65536K, used 12288K [0x00000000c1c00000, 0x0000000100000000)
  region size 1024K, 13 young (13312K), 0 survivors (0K)
 Metaspace       used 6867K, committed 6976K, reserved 1056768K
  class space    used 715K, committed 768K, reserved 1048576K
}
Event: 1.312 GC heap after
{Heap after GC invocations=1 (full 0):
 garbage-first heap   total 65536K, used 6932K [0x00000000c1c00000, 0x0000000100000000)
  region size 1024K, 2 young (2048K), 2 survivors (2048K)
 Metaspace       used 6867K, committed 6976K, reserved 1056768K
  class space    used 715K, committed 768K, reserved 1048576K
}
Event: 2.370 GC heap before
{Heap before GC invocations=1 (full 0):
 garbage-first heap   total 65536K, used 17172K [0x00000000c1c00000, 0x0000000100000000)
  region size 1024K, 12 young (12288K), 2 survivors (2048K)
 Metaspace       used 10534K, committed 10688K, reserved 1064960K
  class space    used 1210K, committed 1280K, reserved 1048576K
}
Event: 2.382 GC heap after
{Heap after GC invocations=2 (full 0):
 garbage-first heap   total 65536K, used 8339K [0x00000000c1c00000, 0x0000000100000000)
  region size 1024K, 2 young (2048K), 2 survivors (2048K)
 Metaspace       used 10534K, committed 10688K, reserved 1064960K
  class space    used 1210K, committed 1280K, reserved 1048576K
}
Event: 3.401 GC heap before
{Heap before GC invocations=2 (full 0):
 garbage-first heap   total 65536K, used 26771K [0x00000000c1c00000, 0x0000000100000000)
  region size 1024K, 21 young (21504K), 2 survivors (2048K)
 Metaspace       used 16675K, committed 16832K, reserved 1064960K
  class space    used 2022K, committed 2112K, reserved 1048576K
}
Event: 3.410 GC heap after
{Heap after GC invocations=3 (full 0):
 garbage-first heap   total 65536K, used 10470K [0x00000000c1c00000, 0x0000000100000000)
  region size 1024K, 3 young (3072K), 3 survivors (3072K)
 Metaspace       used 16675K, committed 16832K, reserved 1064960K
  class space    used 2022K, committed 2112K, reserved 1048576K
}
Event: 4.190 GC heap before
{Heap before GC invocations=3 (full 0):
 garbage-first heap   total 65536K, used 28902K [0x00000000c1c00000, 0x0000000100000000)
  region size 1024K, 23 young (23552K), 3 survivors (3072K)
 Metaspace       used 21296K, committed 21504K, reserved 1073152K
  class space    used 2595K, committed 2688K, reserved 1048576K
}
Event: 4.197 GC heap after
{Heap after GC invocations=4 (full 0):
 garbage-first heap   total 65536K, used 11508K [0x00000000c1c00000, 0x0000000100000000)
  region size 1024K, 1 young (1024K), 1 survivors (1024K)
 Metaspace       used 21296K, committed 21504K, reserved 1073152K
  class space    used 2595K, committed 2688K, reserved 1048576K
}
Event: 5.386 GC heap before
{Heap before GC invocations=5 (full 0):
 garbage-first heap   total 45056K, used 35060K [0x00000000c1c00000, 0x0000000100000000)
  region size 1024K, 26 young (26624K), 1 survivors (1024K)
 Metaspace       used 25725K, committed 25920K, reserved 1073152K
  class space    used 3159K, committed 3264K, reserved 1048576K
}
Event: 5.392 GC heap after
{Heap after GC invocations=6 (full 0):
 garbage-first heap   total 45056K, used 13010K [0x00000000c1c00000, 0x0000000100000000)
  region size 1024K, 3 young (3072K), 3 survivors (3072K)
 Metaspace       used 25725K, committed 25920K, reserved 1073152K
  class space    used 3159K, committed 3264K, reserved 1048576K
}
Event: 5.944 GC heap before
{Heap before GC invocations=6 (full 0):
 garbage-first heap   total 45056K, used 28370K [0x00000000c1c00000, 0x0000000100000000)
  region size 1024K, 19 young (19456K), 3 survivors (3072K)
 Metaspace       used 27985K, committed 28160K, reserved 1081344K
  class space    used 3499K, committed 3584K, reserved 1048576K
}
Event: 5.954 GC heap after
{Heap after GC invocations=7 (full 0):
 garbage-first heap   total 45056K, used 14938K [0x00000000c1c00000, 0x0000000100000000)
  region size 1024K, 2 young (2048K), 2 survivors (2048K)
 Metaspace       used 27985K, committed 28160K, reserved 1081344K
  class space    used 3499K, committed 3584K, reserved 1048576K
}
Event: 6.557 GC heap before
{Heap before GC invocations=7 (full 0):
 garbage-first heap   total 45056K, used 30298K [0x00000000c1c00000, 0x0000000100000000)
  region size 1024K, 17 young (17408K), 2 survivors (2048K)
 Metaspace       used 31550K, committed 31808K, reserved 1081344K
  class space    used 3979K, committed 4096K, reserved 1048576K
}
Event: 6.566 GC heap after
{Heap after GC invocations=8 (full 0):
 garbage-first heap   total 45056K, used 16580K [0x00000000c1c00000, 0x0000000100000000)
  region size 1024K, 2 young (2048K), 2 survivors (2048K)
 Metaspace       used 31550K, committed 31808K, reserved 1081344K
  class space    used 3979K, committed 4096K, reserved 1048576K
}

