# JRE version: OpenJDK Runtime Environment Temurin-17.0.4+8 (17.0.4+8) (build 17.0.4+8)
# Java VM: OpenJDK 64-Bit Server VM Temurin-17.0.4+8 (17.0.4+8, mixed mode, emulated-client, tiered, compressed oops, compressed class ptrs, g1 gc, windows-amd64)
GC Precious Log:
 CPUs: 4 total, 4 available
 Memory: 3977M
 Large Page Support: Disabled
 NUMA Support: Disabled
 Compressed Oops: Enabled (32-bit)
 Heap Region Size: 1M
 Heap Min Capacity: 8M
 Heap Initial Capacity: 64M
 Heap Max Capacity: 996M
 Pre-touch: Disabled
 Parallel Workers: 4
 Concurrent Workers: 1
 Concurrent Refinement Workers: 4
 Periodic GC: Disabled
Heap:
 garbage-first heap   total 508928K, used 200704K [0x00000000c1c00000, 0x0000000100000000)
  region size 1024K, 21 young (21504K), 21 survivors (21504K)
 Metaspace       used 38568K, committed 38848K, reserved 1089536K
  class space    used 4874K, committed 4992K, reserved 1048576K
GC Heap History (20 events):
Event: 14.185 GC heap after
{Heap after GC invocations=30 (full 0):
 garbage-first heap   total 380928K, used 103062K [0x00000000c1c00000, 0x0000000100000000)
  region size 1024K, 17 young (17408K), 17 survivors (17408K)
 Metaspace       used 38417K, committed 38720K, reserved 1089536K
  class space    used 4862K, committed 4992K, reserved 1048576K
}
Event: 15.206 GC heap before
{Heap before GC invocations=30 (full 0):
 garbage-first heap   total 380928K, used 307862K [0x00000000c1c00000, 0x0000000100000000)
  region size 1024K, 218 young (223232K), 17 survivors (17408K)
 Metaspace       used 38417K, committed 38720K, reserved 1089536K
  class space    used 4862K, committed 4992K, reserved 1048576K
}
Event: 15.460 GC heap after
{Heap after GC invocations=31 (full 0):
 garbage-first heap   total 380928K, used 110983K [0x00000000c1c00000, 0x0000000100000000)
  region size 1024K, 21 young (21504K), 21 survivors (21504K)
 Metaspace       used 38417K, committed 38720K, reserved 1089536K
  class space    used 4862K, committed 4992K, reserved 1048576K
}
Event: 17.082 GC heap before
{Heap before GC invocations=31 (full 0):
 garbage-first heap   total 380928K, used 311687K [0x00000000c1c00000, 0x0000000100000000)
  region size 1024K, 218 young (223232K), 21 survivors (21504K)
 Metaspace       used 38437K, committed 38720K, reserved 1089536K
  class space    used 4866K, committed 4992K, reserved 1048576K
}
Event: 17.211 GC heap after
{Heap after GC invocations=32 (full 0):
 garbage-first heap   total 380928K, used 119808K [0x00000000c1c00000, 0x0000000100000000)
  region size 1024K, 17 young (17408K), 17 survivors (17408K)
 Metaspace       used 38437K, committed 38720K, reserved 1089536K
  class space    used 4866K, committed 4992K, reserved 1048576K
}
Event: 17.360 GC heap before
{Heap before GC invocations=32 (full 0):
 garbage-first heap   total 380928K, used 315392K [0x00000000c1c00000, 0x0000000100000000)
  region size 1024K, 209 young (214016K), 17 survivors (17408K)
 Metaspace       used 38437K, committed 38720K, reserved 1089536K
  class space    used 4866K, committed 4992K, reserved 1048576K
}
Event: 17.399 GC heap after
{Heap after GC invocations=33 (full 0):
 garbage-first heap   total 380928K, used 135145K [0x00000000c1c00000, 0x0000000100000000)
  region size 1024K, 24 young (24576K), 24 survivors (24576K)
 Metaspace       used 38437K, committed 38720K, reserved 1089536K
  class space    used 4866K, committed 4992K, reserved 1048576K
}
Event: 18.135 GC heap before
{Heap before GC invocations=33 (full 0):
 garbage-first heap   total 380928K, used 314345K [0x00000000c1c00000, 0x0000000100000000)
  region size 1024K, 200 young (204800K), 24 survivors (24576K)
 Metaspace       used 38568K, committed 38848K, reserved 1089536K
  class space    used 4874K, committed 4992K, reserved 1048576K
}
Event: 18.431 GC heap after
{Heap after GC invocations=34 (full 0):
 garbage-first heap   total 508928K, used 144275K [0x00000000c1c00000, 0x0000000100000000)
  region size 1024K, 10 young (10240K), 10 survivors (10240K)
 Metaspace       used 38568K, committed 38848K, reserved 1089536K
  class space    used 4874K, committed 4992K, reserved 1048576K
}
Event: 20.466 GC heap before
{Heap before GC invocations=34 (full 0):
 garbage-first heap   total 508928K, used 420755K [0x00000000c1c00000, 0x0000000100000000)
  region size 1024K, 280 young (286720K), 10 survivors (10240K)
 Metaspace       used 38568K, committed 38848K, reserved 1089536K
  class space    used 4874K, committed 4992K, reserved 1048576K
}
Event: 20.671 GC heap after
{Heap after GC invocations=35 (full 0):
 garbage-first heap   total 508928K, used 158611K [0x00000000c1c00000, 0x0000000100000000)
  region size 1024K, 23 young (23552K), 23 survivors (23552K)
 Metaspace       used 38568K, committed 38848K, reserved 1089536K
  class space    used 4874K, committed 4992K, reserved 1048576K
}
Event: 20.698 GC heap before
{Heap before GC invocations=35 (full 0):
 garbage-first heap   total 508928K, used 164755K [0x00000000c1c00000, 0x0000000100000000)
  region size 1024K, 30 young (30720K), 23 survivors (23552K)
 Metaspace       used 38568K, committed 38848K, reserved 1089536K
  class space    used 4874K, committed 4992K, reserved 1048576K
}
Event: 20.946 GC heap after
{Heap after GC invocations=36 (full 0):
 garbage-first heap   total 508928K, used 159190K [0x00000000c1c00000, 0x0000000100000000)
  region size 1024K, 2 young (2048K), 2 survivors (2048K)
 Metaspace       used 38568K, committed 38848K, reserved 1089536K
  class space    used 4874K, committed 4992K, reserved 1048576K
}
Event: 21.807 GC heap before
{Heap before GC invocations=36 (full 0):
 garbage-first heap   total 508928K, used 416214K [0x00000000c1c00000, 0x0000000100000000)
  region size 1024K, 253 young (259072K), 2 survivors (2048K)
 Metaspace       used 38568K, committed 38848K, reserved 1089536K
  class space    used 4874K, committed 4992K, reserved 1048576K
}
Event: 21.822 GC heap after
{Heap after GC invocations=37 (full 0):
 garbage-first heap   total 508928K, used 170438K [0x00000000c1c00000, 0x0000000100000000)
  region size 1024K, 13 young (13312K), 13 survivors (13312K)
 Metaspace       used 38568K, committed 38848K, reserved 1089536K
  class space    used 4874K, committed 4992K, reserved 1048576K
}
Event: 22.330 GC heap before
{Heap before GC invocations=37 (full 0):
 garbage-first heap   total 508928K, used 380358K [0x00000000c1c00000, 0x0000000100000000)
  region size 1024K, 219 young (224256K), 13 survivors (13312K)
 Metaspace       used 38568K, committed 38848K, reserved 1089536K
  class space    used 4874K, committed 4992K, reserved 1048576K
}
Event: 22.347 GC heap after
{Heap after GC invocations=38 (full 0):
 garbage-first heap   total 508928K, used 179670K [0x00000000c1c00000, 0x0000000100000000)
  region size 1024K, 22 young (22528K), 22 survivors (22528K)
 Metaspace       used 38568K, committed 38848K, reserved 1089536K
  class space    used 4874K, committed 4992K, reserved 1048576K
}
Event: 22.770 GC heap before
{Heap before GC invocations=38 (full 0):
 garbage-first heap   total 508928K, used 343510K [0x00000000c1c00000, 0x0000000100000000)
  region size 1024K, 183 young (187392K), 22 survivors (22528K)
 Metaspace       used 38568K, committed 38848K, reserved 1089536K
  class space    used 4874K, committed 4992K, reserved 1048576K
}
Event: 22.839 GC heap after
{Heap after GC invocations=39 (full 0):
 garbage-first heap   total 508928K, used 187685K [0x00000000c1c00000, 0x0000000100000000)
  region size 1024K, 18 young (18432K), 18 survivors (18432K)
 Metaspace       used 38568K, committed 38848K, reserved 1089536K
  class space    used 4874K, committed 4992K, reserved 1048576K
}
Event: 23.580 GC heap before
{Heap before GC invocations=39 (full 0):
 garbage-first heap   total 508928K, used 423205K [0x00000000c1c00000, 0x0000000100000000)
  region size 1024K, 249 young (254976K), 18 survivors (18432K)
 Metaspace       used 38568K, committed 38848K, reserved 1089536K
  class space    used 4874K, committed 4992K, reserved 1048576K
}

