# JRE version: OpenJDK Runtime Environment Temurin-17.0.4+8 (17.0.4+8) (build 17.0.4+8)
# Java VM: OpenJDK 64-Bit Server VM Temurin-17.0.4+8 (17.0.4+8, mixed mode, emulated-client, tiered, compressed oops, compressed class ptrs, g1 gc, windows-amd64)
GC Precious Log:
 CPUs: 4 total, 4 available
 Memory: 3977M
 Large Page Support: Disabled
 NUMA Support: Disabled
 Compressed Oops: Enabled (32-bit)
 Heap Region Size: 1M
 Heap Min Capacity: 8M
 Heap Initial Capacity: 64M
 Heap Max Capacity: 996M
 Pre-touch: Disabled
 Parallel Workers: 4
 Concurrent Workers: 1
 Concurrent Refinement Workers: 4
 Periodic GC: Disabled
Heap:
 garbage-first heap   total 282624K, used 90906K [0x00000000c1c00000, 0x0000000100000000)
  region size 1024K, 12 young (12288K), 12 survivors (12288K)
 Metaspace       used 35132K, committed 35456K, reserved 1081344K
  class space    used 4568K, committed 4736K, reserved 1048576K
GC Heap History (20 events):
Event: 4.995 GC heap after
{Heap after GC invocations=12 (full 0):
 garbage-first heap   total 67584K, used 29736K [0x00000000c1c00000, 0x0000000100000000)
  region size 1024K, 4 young (4096K), 4 survivors (4096K)
 Metaspace       used 33111K, committed 33344K, reserved 1081344K
  class space    used 4199K, committed 4288K, reserved 1048576K
}
Event: 5.071 GC heap before
{Heap before GC invocations=12 (full 0):
 garbage-first heap   total 67584K, used 49192K [0x00000000c1c00000, 0x0000000100000000)
  region size 1024K, 23 young (23552K), 4 survivors (4096K)
 Metaspace       used 33333K, committed 33600K, reserved 1081344K
  class space    used 4235K, committed 4352K, reserved 1048576K
}
Event: 5.081 GC heap after
{Heap after GC invocations=13 (full 0):
 garbage-first heap   total 100352K, used 33383K [0x00000000c1c00000, 0x0000000100000000)
  region size 1024K, 3 young (3072K), 3 survivors (3072K)
 Metaspace       used 33333K, committed 33600K, reserved 1081344K
  class space    used 4235K, committed 4352K, reserved 1048576K
}
Event: 5.406 GC heap before
{Heap before GC invocations=13 (full 0):
 garbage-first heap   total 100352K, used 73319K [0x00000000c1c00000, 0x0000000100000000)
  region size 1024K, 42 young (43008K), 3 survivors (3072K)
 Metaspace       used 34216K, committed 34560K, reserved 1081344K
  class space    used 4369K, committed 4544K, reserved 1048576K
}
Event: 5.423 GC heap after
{Heap after GC invocations=14 (full 0):
 garbage-first heap   total 100352K, used 44229K [0x00000000c1c00000, 0x0000000100000000)
  region size 1024K, 6 young (6144K), 6 survivors (6144K)
 Metaspace       used 34216K, committed 34560K, reserved 1081344K
  class space    used 4369K, committed 4544K, reserved 1048576K
}
Event: 5.688 GC heap before
{Heap before GC invocations=14 (full 0):
 garbage-first heap   total 100352K, used 72901K [0x00000000c1c00000, 0x0000000100000000)
  region size 1024K, 34 young (34816K), 6 survivors (6144K)
 Metaspace       used 34975K, committed 35264K, reserved 1081344K
  class space    used 4544K, committed 4672K, reserved 1048576K
}
Event: 5.705 GC heap after
{Heap after GC invocations=15 (full 0):
 garbage-first heap   total 100352K, used 55600K [0x00000000c1c00000, 0x0000000100000000)
  region size 1024K, 5 young (5120K), 5 survivors (5120K)
 Metaspace       used 34975K, committed 35264K, reserved 1081344K
  class space    used 4544K, committed 4672K, reserved 1048576K
}
Event: 5.707 GC heap before
{Heap before GC invocations=15 (full 0):
 garbage-first heap   total 100352K, used 55600K [0x00000000c1c00000, 0x0000000100000000)
  region size 1024K, 6 young (6144K), 5 survivors (5120K)
 Metaspace       used 34975K, committed 35264K, reserved 1081344K
  class space    used 4544K, committed 4672K, reserved 1048576K
}
Event: 5.716 GC heap after
{Heap after GC invocations=16 (full 0):
 garbage-first heap   total 100352K, used 57161K [0x00000000c1c00000, 0x0000000100000000)
  region size 1024K, 1 young (1024K), 1 survivors (1024K)
 Metaspace       used 34975K, committed 35264K, reserved 1081344K
  class space    used 4544K, committed 4672K, reserved 1048576K
}
Event: 5.809 GC heap before
{Heap before GC invocations=16 (full 0):
 garbage-first heap   total 100352K, used 75593K [0x00000000c1c00000, 0x0000000100000000)
  region size 1024K, 19 young (19456K), 1 survivors (1024K)
 Metaspace       used 35065K, committed 35392K, reserved 1081344K
  class space    used 4554K, committed 4736K, reserved 1048576K
}
Event: 5.829 GC heap after
{Heap after GC invocations=17 (full 0):
 garbage-first heap   total 282624K, used 62328K [0x00000000c1c00000, 0x0000000100000000)
  region size 1024K, 3 young (3072K), 3 survivors (3072K)
 Metaspace       used 35065K, committed 35392K, reserved 1081344K
  class space    used 4554K, committed 4736K, reserved 1048576K
}
Event: 6.046 GC heap before
{Heap before GC invocations=18 (full 0):
 garbage-first heap   total 282624K, used 184184K [0x00000000c1c00000, 0x0000000100000000)
  region size 1024K, 124 young (126976K), 3 survivors (3072K)
 Metaspace       used 35132K, committed 35456K, reserved 1081344K
  class space    used 4568K, committed 4736K, reserved 1048576K
}
Event: 6.059 GC heap after
{Heap after GC invocations=19 (full 0):
 garbage-first heap   total 282624K, used 66315K [0x00000000c1c00000, 0x0000000100000000)
  region size 1024K, 8 young (8192K), 8 survivors (8192K)
 Metaspace       used 35132K, committed 35456K, reserved 1081344K
  class space    used 4568K, committed 4736K, reserved 1048576K
}
Event: 6.171 GC heap before
{Heap before GC invocations=19 (full 0):
 garbage-first heap   total 282624K, used 214795K [0x00000000c1c00000, 0x0000000100000000)
  region size 1024K, 154 young (157696K), 8 survivors (8192K)
 Metaspace       used 35132K, committed 35456K, reserved 1081344K
  class space    used 4568K, committed 4736K, reserved 1048576K
}
Event: 6.188 GC heap after
{Heap after GC invocations=20 (full 0):
 garbage-first heap   total 282624K, used 72192K [0x00000000c1c00000, 0x0000000100000000)
  region size 1024K, 14 young (14336K), 14 survivors (14336K)
 Metaspace       used 35132K, committed 35456K, reserved 1081344K
  class space    used 4568K, committed 4736K, reserved 1048576K
}
Event: 6.285 GC heap before
{Heap before GC invocations=20 (full 0):
 garbage-first heap   total 282624K, used 219648K [0x00000000c1c00000, 0x0000000100000000)
  region size 1024K, 159 young (162816K), 14 survivors (14336K)
 Metaspace       used 35132K, committed 35456K, reserved 1081344K
  class space    used 4568K, committed 4736K, reserved 1048576K
}
Event: 6.303 GC heap after
{Heap after GC invocations=21 (full 0):
 garbage-first heap   total 282624K, used 78890K [0x00000000c1c00000, 0x0000000100000000)
  region size 1024K, 18 young (18432K), 18 survivors (18432K)
 Metaspace       used 35132K, committed 35456K, reserved 1081344K
  class space    used 4568K, committed 4736K, reserved 1048576K
}
Event: 6.397 GC heap before
{Heap before GC invocations=21 (full 0):
 garbage-first heap   total 282624K, used 223274K [0x00000000c1c00000, 0x0000000100000000)
  region size 1024K, 160 young (163840K), 18 survivors (18432K)
 Metaspace       used 35132K, committed 35456K, reserved 1081344K
  class space    used 4568K, committed 4736K, reserved 1048576K
}
Event: 6.408 GC heap after
{Heap after GC invocations=22 (full 0):
 garbage-first heap   total 282624K, used 83964K [0x00000000c1c00000, 0x0000000100000000)
  region size 1024K, 13 young (13312K), 13 survivors (13312K)
 Metaspace       used 35132K, committed 35456K, reserved 1081344K
  class space    used 4568K, committed 4736K, reserved 1048576K
}
Event: 6.628 GC heap before
{Heap before GC invocations=22 (full 0):
 garbage-first heap   total 282624K, used 228348K [0x00000000c1c00000, 0x0000000100000000)
  region size 1024K, 155 young (158720K), 13 survivors (13312K)
 Metaspace       used 35132K, committed 35456K, reserved 1081344K
  class space    used 4568K, committed 4736K, reserved 1048576K
}

